#
# A fatal error has been detected by the Java Runtime Environment:
#
#  Internal Error (classFileParser.cpp:3494), pid=19711, tid=139995706509056
#  Error: ShouldNotReachHere()
#
# JRE version: 6.0_22-b22
# Java VM: OpenJDK 64-Bit Server VM (20.0-b11 mixed mode linux-amd64 compressed oops)
# Derivative: IcedTea6 1.10.6
# Distribution: Ubuntu 11.04, package 6b22-1.10.6-0ubuntu1
# If you would like to submit a bug report, please include
# instructions how to reproduce the bug and visit:
#   https://bugs.launchpad.net/ubuntu/+source/openjdk-6/
#

---------------  T H R E A D  ---------------

Current thread (0x0000000001a0d000):  JavaThread "Unknown thread" [_thread_in_vm, id=19713, stack(0x00007f534a4b4000,0x00007f534a5b5000)]

Stack: [0x00007f534a4b4000,0x00007f534a5b5000],  sp=0x00007f534a5b3040,  free space=1020k
Native frames: (J=compiled Java code, j=interpreted, Vv=VM code, C=native code)
V  [libjvm.so+0x7d0764]  VMError::report(outputStream*)+0x1244
V  [libjvm.so+0x7d0a19]  VMError::report_and_die()+0x169
V  [libjvm.so+0x3d21fa]  report_vm_error(char const*, int, char const*, char const*)+0x4a
V  [libjvm.so+0x365243]  ClassFileParser::parseClassFile(symbolHandle, Handle, Handle, KlassHandle, GrowableArray<Handle>*, symbolHandle&, bool, Thread*)+0x1553
V  [libjvm.so+0x36a1c3]  ClassLoader::load_classfile(symbolHandle, Thread*)+0x1f3
V  [libjvm.so+0x76052f]  SystemDictionary::load_instance_class(symbolHandle, Handle, Thread*)+0x3af
V  [libjvm.so+0x75ebf8]  SystemDictionary::resolve_instance_class_or_null(symbolHandle, Handle, Handle, Thread*)+0x738
V  [libjvm.so+0x760b73]  SystemDictionary::resolve_or_fail(symbolHandle, Handle, Handle, bool, Thread*)+0x33
V  [libjvm.so+0x760c54]  SystemDictionary::resolve_or_fail(symbolHandle, bool, Thread*)+0x14
V  [libjvm.so+0x760cf5]  SystemDictionary::initialize_wk_klass(SystemDictionary::WKID, int, Thread*)+0x95
V  [libjvm.so+0x760d59]  SystemDictionary::initialize_wk_klasses_until(SystemDictionary::WKID, SystemDictionary::WKID&, Thread*)+0x59
V  [libjvm.so+0x760e51]  SystemDictionary::initialize_preloaded_classes(Thread*)+0x71
V  [libjvm.so+0x7a778f]  Universe::genesis(Thread*)+0x12f
V  [libjvm.so+0x7a811f]  universe2_init()+0x1f
V  [libjvm.so+0x48dd35]  init_globals()+0x95
V  [libjvm.so+0x791a7b]  Threads::create_vm(JavaVMInitArgs*, bool*)+0x1ab
V  [libjvm.so+0x4eb440]  JNI_CreateJavaVM+0x80
C  [java+0x1eee]  JavaMain+0x7e


---------------  P R O C E S S  ---------------

Java Threads: ( => current thread )

Other Threads:

=>0x0000000001a0d000 (exited) JavaThread "Unknown thread" [_thread_in_vm, id=19713, stack(0x00007f534a4b4000,0x00007f534a5b5000)]

VM state:not at safepoint (not fully initialized)

VM Mutex/Monitor currently owned by a thread: None

Dynamic libraries:
00400000-00409000 r-xp 00000000 08:01 9719437                            /usr/lib/jvm/java-6-openjdk/jre/bin/java
00608000-00609000 r--p 00008000 08:01 9719437                            /usr/lib/jvm/java-6-openjdk/jre/bin/java
00609000-0060a000 rw-p 00009000 08:01 9719437                            /usr/lib/jvm/java-6-openjdk/jre/bin/java
01a02000-01a92000 rw-p 00000000 00:00 0                                  [heap]
b8c00000-ba0c0000 rw-p 00000000 00:00 0 
ba0c0000-c3200000 rw-p 00000000 00:00 0 
c3200000-c5a90000 rw-p 00000000 00:00 0 
c5a90000-ebb60000 rw-p 00000000 00:00 0 
ebb60000-ecfa0000 rw-p 00000000 00:00 0 
ecfa0000-100000000 rw-p 00000000 00:00 0 
7f5343ce7000-7f5343da4000 r--s 00fa8000 08:01 3936266                    /home/ca/Embedded/android-sdk-linux/platforms/android-15/android.jar
7f5343da4000-7f5343dcc000 rw-p 00000000 00:00 0 
7f5343dcc000-7f5343dcd000 ---p 00000000 00:00 0 
7f5343dcd000-7f5343ecd000 rw-p 00000000 00:00 0 
7f5343ecd000-7f5343ece000 ---p 00000000 00:00 0 
7f5343ece000-7f5343fd9000 rw-p 00000000 00:00 0 
7f5343fd9000-7f5344021000 rw-p 00000000 00:00 0 
7f5344021000-7f5344036000 rw-p 00000000 00:00 0 
7f5344036000-7f5344166000 rw-p 00000000 00:00 0 
7f5344166000-7f5344171000 rw-p 00000000 00:00 0 
7f5344171000-7f53441b9000 rw-p 00000000 00:00 0 
7f53441b9000-7f53441ce000 rw-p 00000000 00:00 0 
7f53441ce000-7f53442fd000 rw-p 00000000 00:00 0 
7f53442fd000-7f5344308000 rw-p 00000000 00:00 0 
7f5344308000-7f53443a0000 rw-p 00000000 00:00 0 
7f53443a0000-7f53443a1000 rw-p 00000000 00:00 0 
7f53443a1000-7f5344611000 rwxp 00000000 00:00 0 
7f5344611000-7f53473a1000 rw-p 00000000 00:00 0 
7f53473a1000-7f53473a8000 r-xp 00000000 08:01 9719432                    /usr/lib/jvm/java-6-openjdk/jre/lib/amd64/libzip.so
7f53473a8000-7f53475a7000 ---p 00007000 08:01 9719432                    /usr/lib/jvm/java-6-openjdk/jre/lib/amd64/libzip.so
7f53475a7000-7f53475a8000 r--p 00006000 08:01 9719432                    /usr/lib/jvm/java-6-openjdk/jre/lib/amd64/libzip.so
7f53475a8000-7f53475a9000 rw-p 00007000 08:01 9719432                    /usr/lib/jvm/java-6-openjdk/jre/lib/amd64/libzip.so
7f53475a9000-7f53475b5000 r-xp 00000000 08:01 925851                     /lib/x86_64-linux-gnu/libnss_files-2.13.so
7f53475b5000-7f53477b4000 ---p 0000c000 08:01 925851                     /lib/x86_64-linux-gnu/libnss_files-2.13.so
7f53477b4000-7f53477b5000 r--p 0000b000 08:01 925851                     /lib/x86_64-linux-gnu/libnss_files-2.13.so
7f53477b5000-7f53477b6000 rw-p 0000c000 08:01 925851                     /lib/x86_64-linux-gnu/libnss_files-2.13.so
7f53477b6000-7f53477c1000 r-xp 00000000 08:01 925853                     /lib/x86_64-linux-gnu/libnss_nis-2.13.so
7f53477c1000-7f53479c0000 ---p 0000b000 08:01 925853                     /lib/x86_64-linux-gnu/libnss_nis-2.13.so
7f53479c0000-7f53479c1000 r--p 0000a000 08:01 925853                     /lib/x86_64-linux-gnu/libnss_nis-2.13.so
7f53479c1000-7f53479c2000 rw-p 0000b000 08:01 925853                     /lib/x86_64-linux-gnu/libnss_nis-2.13.so
7f53479c2000-7f53479ca000 r-xp 00000000 08:01 925849                     /lib/x86_64-linux-gnu/libnss_compat-2.13.so
7f53479ca000-7f5347bc9000 ---p 00008000 08:01 925849                     /lib/x86_64-linux-gnu/libnss_compat-2.13.so
7f5347bc9000-7f5347bca000 r--p 00007000 08:01 925849                     /lib/x86_64-linux-gnu/libnss_compat-2.13.so
7f5347bca000-7f5347bcb000 rw-p 00008000 08:01 925849                     /lib/x86_64-linux-gnu/libnss_compat-2.13.so
7f5347bcb000-7f5347be2000 r-xp 00000000 08:01 925848                     /lib/x86_64-linux-gnu/libnsl-2.13.so
7f5347be2000-7f5347de1000 ---p 00017000 08:01 925848                     /lib/x86_64-linux-gnu/libnsl-2.13.so
7f5347de1000-7f5347de2000 r--p 00016000 08:01 925848                     /lib/x86_64-linux-gnu/libnsl-2.13.so
7f5347de2000-7f5347de3000 rw-p 00017000 08:01 925848                     /lib/x86_64-linux-gnu/libnsl-2.13.so
7f5347de3000-7f5347de5000 rw-p 00000000 00:00 0 
7f5347de5000-7f5347e11000 r-xp 00000000 08:01 9706403                    /usr/lib/jvm/java-6-openjdk/jre/lib/amd64/libjava.so
7f5347e11000-7f5348010000 ---p 0002c000 08:01 9706403                    /usr/lib/jvm/java-6-openjdk/jre/lib/amd64/libjava.so
7f5348010000-7f5348011000 r--p 0002b000 08:01 9706403                    /usr/lib/jvm/java-6-openjdk/jre/lib/amd64/libjava.so
7f5348011000-7f5348014000 rw-p 0002c000 08:01 9706403                    /usr/lib/jvm/java-6-openjdk/jre/lib/amd64/libjava.so
7f5348014000-7f5348022000 r-xp 00000000 08:01 9719431                    /usr/lib/jvm/java-6-openjdk/jre/lib/amd64/libverify.so
7f5348022000-7f5348221000 ---p 0000e000 08:01 9719431                    /usr/lib/jvm/java-6-openjdk/jre/lib/amd64/libverify.so
7f5348221000-7f5348223000 r--p 0000d000 08:01 9719431                    /usr/lib/jvm/java-6-openjdk/jre/lib/amd64/libverify.so
7f5348223000-7f5348224000 rw-p 0000f000 08:01 9719431                    /usr/lib/jvm/java-6-openjdk/jre/lib/amd64/libverify.so
7f5348224000-7f534822b000 r-xp 00000000 08:01 925858                     /lib/x86_64-linux-gnu/librt-2.13.so
7f534822b000-7f534842a000 ---p 00007000 08:01 925858                     /lib/x86_64-linux-gnu/librt-2.13.so
7f534842a000-7f534842b000 r--p 00006000 08:01 925858                     /lib/x86_64-linux-gnu/librt-2.13.so
7f534842b000-7f534842c000 rw-p 00007000 08:01 925858                     /lib/x86_64-linux-gnu/librt-2.13.so
7f534842c000-7f5348441000 r-xp 00000000 08:01 921274                     /lib/x86_64-linux-gnu/libgcc_s.so.1
7f5348441000-7f5348640000 ---p 00015000 08:01 921274                     /lib/x86_64-linux-gnu/libgcc_s.so.1
7f5348640000-7f5348641000 r--p 00014000 08:01 921274                     /lib/x86_64-linux-gnu/libgcc_s.so.1
7f5348641000-7f5348642000 rw-p 00015000 08:01 921274                     /lib/x86_64-linux-gnu/libgcc_s.so.1
7f5348642000-7f53486c6000 r-xp 00000000 08:01 925826                     /lib/x86_64-linux-gnu/libm-2.13.so
7f53486c6000-7f53488c5000 ---p 00084000 08:01 925826                     /lib/x86_64-linux-gnu/libm-2.13.so
7f53488c5000-7f53488c6000 r--p 00083000 08:01 925826                     /lib/x86_64-linux-gnu/libm-2.13.so
7f53488c6000-7f53488c7000 rw-p 00084000 08:01 925826                     /lib/x86_64-linux-gnu/libm-2.13.so
7f53488c7000-7f53489af000 r-xp 00000000 08:01 9707771                    /usr/lib/x86_64-linux-gnu/libstdc++.so.6.0.14
7f53489af000-7f5348bae000 ---p 000e8000 08:01 9707771                    /usr/lib/x86_64-linux-gnu/libstdc++.so.6.0.14
7f5348bae000-7f5348bb6000 r--p 000e7000 08:01 9707771                    /usr/lib/x86_64-linux-gnu/libstdc++.so.6.0.14
7f5348bb6000-7f5348bb8000 rw-p 000ef000 08:01 9707771                    /usr/lib/x86_64-linux-gnu/libstdc++.so.6.0.14
7f5348bb8000-7f5348bcd000 rw-p 00000000 00:00 0 
7f5348bcd000-7f5349523000 r-xp 00000000 08:01 9719434                    /usr/lib/jvm/java-6-openjdk/jre/lib/amd64/server/libjvm.so
7f5349523000-7f5349722000 ---p 00956000 08:01 9719434                    /usr/lib/jvm/java-6-openjdk/jre/lib/amd64/server/libjvm.so
7f5349722000-7f53497a3000 r--p 00955000 08:01 9719434                    /usr/lib/jvm/java-6-openjdk/jre/lib/amd64/server/libjvm.so
7f53497a3000-7f53497be000 rw-p 009d6000 08:01 9719434                    /usr/lib/jvm/java-6-openjdk/jre/lib/amd64/server/libjvm.so
7f53497be000-7f53497e7000 rw-p 00000000 00:00 0 
7f53497e7000-7f5349971000 r-xp 00000000 08:01 925822                     /lib/x86_64-linux-gnu/libc-2.13.so
7f5349971000-7f5349b71000 ---p 0018a000 08:01 925822                     /lib/x86_64-linux-gnu/libc-2.13.so
7f5349b71000-7f5349b75000 r--p 0018a000 08:01 925822                     /lib/x86_64-linux-gnu/libc-2.13.so
7f5349b75000-7f5349b76000 rw-p 0018e000 08:01 925822                     /lib/x86_64-linux-gnu/libc-2.13.so
7f5349b76000-7f5349b7c000 rw-p 00000000 00:00 0 
7f5349b7c000-7f5349b7e000 r-xp 00000000 08:01 925825                     /lib/x86_64-linux-gnu/libdl-2.13.so
7f5349b7e000-7f5349d7e000 ---p 00002000 08:01 925825                     /lib/x86_64-linux-gnu/libdl-2.13.so
7f5349d7e000-7f5349d7f000 r--p 00002000 08:01 925825                     /lib/x86_64-linux-gnu/libdl-2.13.so
7f5349d7f000-7f5349d80000 rw-p 00003000 08:01 925825                     /lib/x86_64-linux-gnu/libdl-2.13.so
7f5349d80000-7f5349d84000 r-xp 00000000 08:01 9706383                    /usr/lib/jvm/java-6-openjdk/jre/lib/amd64/jli/libjli.so
7f5349d84000-7f5349f83000 ---p 00004000 08:01 9706383                    /usr/lib/jvm/java-6-openjdk/jre/lib/amd64/jli/libjli.so
7f5349f83000-7f5349f84000 r--p 00003000 08:01 9706383                    /usr/lib/jvm/java-6-openjdk/jre/lib/amd64/jli/libjli.so
7f5349f84000-7f5349f85000 rw-p 00004000 08:01 9706383                    /usr/lib/jvm/java-6-openjdk/jre/lib/amd64/jli/libjli.so
7f5349f85000-7f5349f9d000 r-xp 00000000 08:01 925856                     /lib/x86_64-linux-gnu/libpthread-2.13.so
7f5349f9d000-7f534a19d000 ---p 00018000 08:01 925856                     /lib/x86_64-linux-gnu/libpthread-2.13.so
7f534a19d000-7f534a19e000 r--p 00018000 08:01 925856                     /lib/x86_64-linux-gnu/libpthread-2.13.so
7f534a19e000-7f534a19f000 rw-p 00019000 08:01 925856                     /lib/x86_64-linux-gnu/libpthread-2.13.so
7f534a19f000-7f534a1a3000 rw-p 00000000 00:00 0 
7f534a1a3000-7f534a1ba000 r-xp 00000000 08:01 921329                     /lib/x86_64-linux-gnu/libz.so.1.2.3.4
7f534a1ba000-7f534a3b9000 ---p 00017000 08:01 921329                     /lib/x86_64-linux-gnu/libz.so.1.2.3.4
7f534a3b9000-7f534a3ba000 r--p 00016000 08:01 921329                     /lib/x86_64-linux-gnu/libz.so.1.2.3.4
7f534a3ba000-7f534a3bb000 rw-p 00017000 08:01 921329                     /lib/x86_64-linux-gnu/libz.so.1.2.3.4
7f534a3bb000-7f534a3dc000 r-xp 00000000 08:01 923974                     /lib/x86_64-linux-gnu/ld-2.13.so
7f534a3f4000-7f534a3fe000 rw-p 00000000 00:00 0 
7f534a3fe000-7f534a4b4000 rw-p 00000000 00:00 0 
7f534a4b4000-7f534a4b7000 ---p 00000000 00:00 0 
7f534a4b7000-7f534a5ba000 rw-p 00000000 00:00 0 
7f534a5cf000-7f534a5d7000 rw-s 00000000 08:01 14156014                   /tmp/hsperfdata_ca/19711
7f534a5d7000-7f534a5d8000 rw-p 00000000 00:00 0 
7f534a5d8000-7f534a5d9000 r--p 00000000 00:00 0 
7f534a5d9000-7f534a5db000 rw-p 00000000 00:00 0 
7f534a5db000-7f534a5dc000 r--p 00020000 08:01 923974                     /lib/x86_64-linux-gnu/ld-2.13.so
7f534a5dc000-7f534a5de000 rw-p 00021000 08:01 923974                     /lib/x86_64-linux-gnu/ld-2.13.so
7fff07410000-7fff07431000 rw-p 00000000 00:00 0                          [stack]
7fff074e9000-7fff074ea000 r-xp 00000000 00:00 0                          [vdso]
ffffffffff600000-ffffffffff601000 r-xp 00000000 00:00 0                  [vsyscall]

VM Arguments:
jvm_args: -Dfile.encoding=UTF-8 -Xbootclasspath:/home/ca/Embedded/android-sdk-linux/platforms/android-15/android.jar:/home/ca/Embedded/android-sdk-linux/add-ons/addon-google_apis-google_inc_-15-1/libs/effects.jar:/home/ca/Embedded/android-sdk-linux/add-ons/addon-google_apis-google_inc_-15-1/libs/usb.jar:/home/ca/Embedded/android-sdk-linux/add-ons/addon-google_apis-google_inc_-15-1/libs/maps.jar 
java_command: org.sunysb.cse549.database.DBAdapter
Launcher Type: SUN_STANDARD

Environment Variables:
PATH=/usr/local/sbin:/usr/local/bin:/usr/sbin:/usr/bin:/sbin:/bin:/usr/games
USERNAME=ca
LD_LIBRARY_PATH=/usr/lib/jvm/java-6-openjdk/jre/lib/amd64/server:/usr/lib/jvm/java-6-openjdk/jre/lib/amd64:/usr/lib/jvm/java-6-openjdk/jre/../lib/amd64
SHELL=/bin/bash
DISPLAY=:0.0

Signal Handlers:
SIGSEGV: [libjvm.so+0x7d1460], sa_mask[0]=0x7ffbfeff, sa_flags=0x10000004
SIGBUS: [libjvm.so+0x7d1460], sa_mask[0]=0x7ffbfeff, sa_flags=0x10000004
SIGFPE: [libjvm.so+0x683910], sa_mask[0]=0x7ffbfeff, sa_flags=0x10000004
SIGPIPE: [libjvm.so+0x683910], sa_mask[0]=0x7ffbfeff, sa_flags=0x10000004
SIGXFSZ: [libjvm.so+0x683910], sa_mask[0]=0x7ffbfeff, sa_flags=0x10000004
SIGILL: [libjvm.so+0x683910], sa_mask[0]=0x7ffbfeff, sa_flags=0x10000004
SIGUSR1: SIG_DFL, sa_mask[0]=0x00000000, sa_flags=0x00000000
SIGUSR2: [libjvm.so+0x683ae0], sa_mask[0]=0x00000004, sa_flags=0x10000004
SIGHUP: SIG_DFL, sa_mask[0]=0x00000000, sa_flags=0x00000000
SIGINT: SIG_DFL, sa_mask[0]=0x00000000, sa_flags=0x00000000
SIGTERM: SIG_DFL, sa_mask[0]=0x00000000, sa_flags=0x00000000
SIGQUIT: SIG_DFL, sa_mask[0]=0x00000000, sa_flags=0x00000000


---------------  S Y S T E M  ---------------

OS:Ubuntu 11.04 (natty)
uname:Linux 2.6.38-13-generic #56-Ubuntu SMP Tue Feb 14 12:39:59 UTC 2012 x86_64
libc:glibc 2.13 NPTL 2.13 
rlimit: STACK 8192k, CORE 0k, NPROC infinity, NOFILE 4096, AS infinity
load average:0.80 0.77 0.42

/proc/meminfo:
MemTotal:        3984244 kB
MemFree:          799280 kB
Buffers:          252028 kB
Cached:           942220 kB
SwapCached:            0 kB
Active:          1870096 kB
Inactive:        1013832 kB
Active(anon):    1355496 kB
Inactive(anon):   475136 kB
Active(file):     514600 kB
Inactive(file):   538696 kB
Unevictable:          32 kB
Mlocked:              32 kB
SwapTotal:       4117500 kB
SwapFree:        4116024 kB
Dirty:               452 kB
Writeback:             0 kB
AnonPages:       1689804 kB
Mapped:           141608 kB
Shmem:            140952 kB
Slab:             146408 kB
SReclaimable:     117376 kB
SUnreclaim:        29032 kB
KernelStack:        3232 kB
PageTables:        27896 kB
NFS_Unstable:          0 kB
Bounce:                0 kB
WritebackTmp:          0 kB
CommitLimit:     6109620 kB
Committed_AS:    3762676 kB
VmallocTotal:   34359738367 kB
VmallocUsed:      375140 kB
VmallocChunk:   34359297668 kB
HardwareCorrupted:     0 kB
HugePages_Total:       0
HugePages_Free:        0
HugePages_Rsvd:        0
HugePages_Surp:        0
Hugepagesize:       2048 kB
DirectMap4k:       66240 kB
DirectMap2M:     4052992 kB


CPU:total 2 (2 cores per cpu, 1 threads per core) family 6 model 15 stepping 11, cmov, cx8, fxsr, mmx, sse, sse2, sse3, ssse3

Memory: 4k page, physical 3984244k(799016k free), swap 4117500k(4116024k free)

vm_info: OpenJDK 64-Bit Server VM (20.0-b11) for linux-amd64 JRE (1.6.0_22-b22), built on Feb 21 2012 00:28:06 by "buildd" with gcc 4.5.2

time: Sat May 12 17:32:03 2012
elapsed time: 0 seconds

