#
# A fatal error has been detected by the Java Runtime Environment:
#
#  Internal Error (classFileParser.cpp:3494), pid=18960, tid=140385763968768
#  Error: ShouldNotReachHere()
#
# JRE version: 6.0_22-b22
# Java VM: OpenJDK 64-Bit Server VM (20.0-b11 mixed mode linux-amd64 compressed oops)
# Derivative: IcedTea6 1.10.6
# Distribution: Ubuntu 11.04, package 6b22-1.10.6-0ubuntu1
# If you would like to submit a bug report, please include
# instructions how to reproduce the bug and visit:
#   https://bugs.launchpad.net/ubuntu/+source/openjdk-6/
#

---------------  T H R E A D  ---------------

Current thread (0x0000000000be2000):  JavaThread "Unknown thread" [_thread_in_vm, id=18965, stack(0x00007fae1b87c000,0x00007fae1b97d000)]

Stack: [0x00007fae1b87c000,0x00007fae1b97d000],  sp=0x00007fae1b97b040,  free space=1020k
Native frames: (J=compiled Java code, j=interpreted, Vv=VM code, C=native code)
V  [libjvm.so+0x7d0764]  VMError::report(outputStream*)+0x1244
V  [libjvm.so+0x7d0a19]  VMError::report_and_die()+0x169
V  [libjvm.so+0x3d21fa]  report_vm_error(char const*, int, char const*, char const*)+0x4a
V  [libjvm.so+0x365243]  ClassFileParser::parseClassFile(symbolHandle, Handle, Handle, KlassHandle, GrowableArray<Handle>*, symbolHandle&, bool, Thread*)+0x1553
V  [libjvm.so+0x36a1c3]  ClassLoader::load_classfile(symbolHandle, Thread*)+0x1f3
V  [libjvm.so+0x76052f]  SystemDictionary::load_instance_class(symbolHandle, Handle, Thread*)+0x3af
V  [libjvm.so+0x75ebf8]  SystemDictionary::resolve_instance_class_or_null(symbolHandle, Handle, Handle, Thread*)+0x738
V  [libjvm.so+0x760b73]  SystemDictionary::resolve_or_fail(symbolHandle, Handle, Handle, bool, Thread*)+0x33
V  [libjvm.so+0x760c54]  SystemDictionary::resolve_or_fail(symbolHandle, bool, Thread*)+0x14
V  [libjvm.so+0x760cf5]  SystemDictionary::initialize_wk_klass(SystemDictionary::WKID, int, Thread*)+0x95
V  [libjvm.so+0x760d59]  SystemDictionary::initialize_wk_klasses_until(SystemDictionary::WKID, SystemDictionary::WKID&, Thread*)+0x59
V  [libjvm.so+0x760e51]  SystemDictionary::initialize_preloaded_classes(Thread*)+0x71
V  [libjvm.so+0x7a778f]  Universe::genesis(Thread*)+0x12f
V  [libjvm.so+0x7a811f]  universe2_init()+0x1f
V  [libjvm.so+0x48dd35]  init_globals()+0x95
V  [libjvm.so+0x791a7b]  Threads::create_vm(JavaVMInitArgs*, bool*)+0x1ab
V  [libjvm.so+0x4eb440]  JNI_CreateJavaVM+0x80
C  [java+0x1eee]  JavaMain+0x7e


---------------  P R O C E S S  ---------------

Java Threads: ( => current thread )

Other Threads:

=>0x0000000000be2000 (exited) JavaThread "Unknown thread" [_thread_in_vm, id=18965, stack(0x00007fae1b87c000,0x00007fae1b97d000)]

VM state:not at safepoint (not fully initialized)

VM Mutex/Monitor currently owned by a thread: None

Dynamic libraries:
00400000-00409000 r-xp 00000000 08:01 9719437                            /usr/lib/jvm/java-6-openjdk/jre/bin/java
00608000-00609000 r--p 00008000 08:01 9719437                            /usr/lib/jvm/java-6-openjdk/jre/bin/java
00609000-0060a000 rw-p 00009000 08:01 9719437                            /usr/lib/jvm/java-6-openjdk/jre/bin/java
00bd7000-00c67000 rw-p 00000000 00:00 0                                  [heap]
b8c00000-ba0c0000 rw-p 00000000 00:00 0 
ba0c0000-c3200000 rw-p 00000000 00:00 0 
c3200000-c5a90000 rw-p 00000000 00:00 0 
c5a90000-ebb60000 rw-p 00000000 00:00 0 
ebb60000-ecfa0000 rw-p 00000000 00:00 0 
ecfa0000-100000000 rw-p 00000000 00:00 0 
7fae10000000-7fae10021000 rw-p 00000000 00:00 0 
7fae10021000-7fae14000000 ---p 00000000 00:00 0 
7fae150af000-7fae1516c000 r--s 00fa8000 08:01 3936266                    /home/ca/Embedded/android-sdk-linux/platforms/android-15/android.jar
7fae1516c000-7fae15194000 rw-p 00000000 00:00 0 
7fae15194000-7fae15195000 ---p 00000000 00:00 0 
7fae15195000-7fae15295000 rw-p 00000000 00:00 0 
7fae15295000-7fae15296000 ---p 00000000 00:00 0 
7fae15296000-7fae153a1000 rw-p 00000000 00:00 0 
7fae153a1000-7fae153e9000 rw-p 00000000 00:00 0 
7fae153e9000-7fae153fe000 rw-p 00000000 00:00 0 
7fae153fe000-7fae1552e000 rw-p 00000000 00:00 0 
7fae1552e000-7fae15539000 rw-p 00000000 00:00 0 
7fae15539000-7fae15581000 rw-p 00000000 00:00 0 
7fae15581000-7fae15596000 rw-p 00000000 00:00 0 
7fae15596000-7fae156c5000 rw-p 00000000 00:00 0 
7fae156c5000-7fae156d0000 rw-p 00000000 00:00 0 
7fae156d0000-7fae15768000 rw-p 00000000 00:00 0 
7fae15768000-7fae15769000 rw-p 00000000 00:00 0 
7fae15769000-7fae159d9000 rwxp 00000000 00:00 0 
7fae159d9000-7fae18769000 rw-p 00000000 00:00 0 
7fae18769000-7fae18770000 r-xp 00000000 08:01 9719432                    /usr/lib/jvm/java-6-openjdk/jre/lib/amd64/libzip.so
7fae18770000-7fae1896f000 ---p 00007000 08:01 9719432                    /usr/lib/jvm/java-6-openjdk/jre/lib/amd64/libzip.so
7fae1896f000-7fae18970000 r--p 00006000 08:01 9719432                    /usr/lib/jvm/java-6-openjdk/jre/lib/amd64/libzip.so
7fae18970000-7fae18971000 rw-p 00007000 08:01 9719432                    /usr/lib/jvm/java-6-openjdk/jre/lib/amd64/libzip.so
7fae18971000-7fae1897d000 r-xp 00000000 08:01 925851                     /lib/x86_64-linux-gnu/libnss_files-2.13.so
7fae1897d000-7fae18b7c000 ---p 0000c000 08:01 925851                     /lib/x86_64-linux-gnu/libnss_files-2.13.so
7fae18b7c000-7fae18b7d000 r--p 0000b000 08:01 925851                     /lib/x86_64-linux-gnu/libnss_files-2.13.so
7fae18b7d000-7fae18b7e000 rw-p 0000c000 08:01 925851                     /lib/x86_64-linux-gnu/libnss_files-2.13.so
7fae18b7e000-7fae18b89000 r-xp 00000000 08:01 925853                     /lib/x86_64-linux-gnu/libnss_nis-2.13.so
7fae18b89000-7fae18d88000 ---p 0000b000 08:01 925853                     /lib/x86_64-linux-gnu/libnss_nis-2.13.so
7fae18d88000-7fae18d89000 r--p 0000a000 08:01 925853                     /lib/x86_64-linux-gnu/libnss_nis-2.13.so
7fae18d89000-7fae18d8a000 rw-p 0000b000 08:01 925853                     /lib/x86_64-linux-gnu/libnss_nis-2.13.so
7fae18d8a000-7fae18d92000 r-xp 00000000 08:01 925849                     /lib/x86_64-linux-gnu/libnss_compat-2.13.so
7fae18d92000-7fae18f91000 ---p 00008000 08:01 925849                     /lib/x86_64-linux-gnu/libnss_compat-2.13.so
7fae18f91000-7fae18f92000 r--p 00007000 08:01 925849                     /lib/x86_64-linux-gnu/libnss_compat-2.13.so
7fae18f92000-7fae18f93000 rw-p 00008000 08:01 925849                     /lib/x86_64-linux-gnu/libnss_compat-2.13.so
7fae18f93000-7fae18faa000 r-xp 00000000 08:01 925848                     /lib/x86_64-linux-gnu/libnsl-2.13.so
7fae18faa000-7fae191a9000 ---p 00017000 08:01 925848                     /lib/x86_64-linux-gnu/libnsl-2.13.so
7fae191a9000-7fae191aa000 r--p 00016000 08:01 925848                     /lib/x86_64-linux-gnu/libnsl-2.13.so
7fae191aa000-7fae191ab000 rw-p 00017000 08:01 925848                     /lib/x86_64-linux-gnu/libnsl-2.13.so
7fae191ab000-7fae191ad000 rw-p 00000000 00:00 0 
7fae191ad000-7fae191d9000 r-xp 00000000 08:01 9706403                    /usr/lib/jvm/java-6-openjdk/jre/lib/amd64/libjava.so
7fae191d9000-7fae193d8000 ---p 0002c000 08:01 9706403                    /usr/lib/jvm/java-6-openjdk/jre/lib/amd64/libjava.so
7fae193d8000-7fae193d9000 r--p 0002b000 08:01 9706403                    /usr/lib/jvm/java-6-openjdk/jre/lib/amd64/libjava.so
7fae193d9000-7fae193dc000 rw-p 0002c000 08:01 9706403                    /usr/lib/jvm/java-6-openjdk/jre/lib/amd64/libjava.so
7fae193dc000-7fae193ea000 r-xp 00000000 08:01 9719431                    /usr/lib/jvm/java-6-openjdk/jre/lib/amd64/libverify.so
7fae193ea000-7fae195e9000 ---p 0000e000 08:01 9719431                    /usr/lib/jvm/java-6-openjdk/jre/lib/amd64/libverify.so
7fae195e9000-7fae195eb000 r--p 0000d000 08:01 9719431                    /usr/lib/jvm/java-6-openjdk/jre/lib/amd64/libverify.so
7fae195eb000-7fae195ec000 rw-p 0000f000 08:01 9719431                    /usr/lib/jvm/java-6-openjdk/jre/lib/amd64/libverify.so
7fae195ec000-7fae195f3000 r-xp 00000000 08:01 925858                     /lib/x86_64-linux-gnu/librt-2.13.so
7fae195f3000-7fae197f2000 ---p 00007000 08:01 925858                     /lib/x86_64-linux-gnu/librt-2.13.so
7fae197f2000-7fae197f3000 r--p 00006000 08:01 925858                     /lib/x86_64-linux-gnu/librt-2.13.so
7fae197f3000-7fae197f4000 rw-p 00007000 08:01 925858                     /lib/x86_64-linux-gnu/librt-2.13.so
7fae197f4000-7fae19809000 r-xp 00000000 08:01 921274                     /lib/x86_64-linux-gnu/libgcc_s.so.1
7fae19809000-7fae19a08000 ---p 00015000 08:01 921274                     /lib/x86_64-linux-gnu/libgcc_s.so.1
7fae19a08000-7fae19a09000 r--p 00014000 08:01 921274                     /lib/x86_64-linux-gnu/libgcc_s.so.1
7fae19a09000-7fae19a0a000 rw-p 00015000 08:01 921274                     /lib/x86_64-linux-gnu/libgcc_s.so.1
7fae19a0a000-7fae19a8e000 r-xp 00000000 08:01 925826                     /lib/x86_64-linux-gnu/libm-2.13.so
7fae19a8e000-7fae19c8d000 ---p 00084000 08:01 925826                     /lib/x86_64-linux-gnu/libm-2.13.so
7fae19c8d000-7fae19c8e000 r--p 00083000 08:01 925826                     /lib/x86_64-linux-gnu/libm-2.13.so
7fae19c8e000-7fae19c8f000 rw-p 00084000 08:01 925826                     /lib/x86_64-linux-gnu/libm-2.13.so
7fae19c8f000-7fae19d77000 r-xp 00000000 08:01 9707771                    /usr/lib/x86_64-linux-gnu/libstdc++.so.6.0.14
7fae19d77000-7fae19f76000 ---p 000e8000 08:01 9707771                    /usr/lib/x86_64-linux-gnu/libstdc++.so.6.0.14
7fae19f76000-7fae19f7e000 r--p 000e7000 08:01 9707771                    /usr/lib/x86_64-linux-gnu/libstdc++.so.6.0.14
7fae19f7e000-7fae19f80000 rw-p 000ef000 08:01 9707771                    /usr/lib/x86_64-linux-gnu/libstdc++.so.6.0.14
7fae19f80000-7fae19f95000 rw-p 00000000 00:00 0 
7fae19f95000-7fae1a8eb000 r-xp 00000000 08:01 9719434                    /usr/lib/jvm/java-6-openjdk/jre/lib/amd64/server/libjvm.so
7fae1a8eb000-7fae1aaea000 ---p 00956000 08:01 9719434                    /usr/lib/jvm/java-6-openjdk/jre/lib/amd64/server/libjvm.so
7fae1aaea000-7fae1ab6b000 r--p 00955000 08:01 9719434                    /usr/lib/jvm/java-6-openjdk/jre/lib/amd64/server/libjvm.so
7fae1ab6b000-7fae1ab86000 rw-p 009d6000 08:01 9719434                    /usr/lib/jvm/java-6-openjdk/jre/lib/amd64/server/libjvm.so
7fae1ab86000-7fae1abaf000 rw-p 00000000 00:00 0 
7fae1abaf000-7fae1ad39000 r-xp 00000000 08:01 925822                     /lib/x86_64-linux-gnu/libc-2.13.so
7fae1ad39000-7fae1af39000 ---p 0018a000 08:01 925822                     /lib/x86_64-linux-gnu/libc-2.13.so
7fae1af39000-7fae1af3d000 r--p 0018a000 08:01 925822                     /lib/x86_64-linux-gnu/libc-2.13.so
7fae1af3d000-7fae1af3e000 rw-p 0018e000 08:01 925822                     /lib/x86_64-linux-gnu/libc-2.13.so
7fae1af3e000-7fae1af44000 rw-p 00000000 00:00 0 
7fae1af44000-7fae1af46000 r-xp 00000000 08:01 925825                     /lib/x86_64-linux-gnu/libdl-2.13.so
7fae1af46000-7fae1b146000 ---p 00002000 08:01 925825                     /lib/x86_64-linux-gnu/libdl-2.13.so
7fae1b146000-7fae1b147000 r--p 00002000 08:01 925825                     /lib/x86_64-linux-gnu/libdl-2.13.so
7fae1b147000-7fae1b148000 rw-p 00003000 08:01 925825                     /lib/x86_64-linux-gnu/libdl-2.13.so
7fae1b148000-7fae1b14c000 r-xp 00000000 08:01 9706383                    /usr/lib/jvm/java-6-openjdk/jre/lib/amd64/jli/libjli.so
7fae1b14c000-7fae1b34b000 ---p 00004000 08:01 9706383                    /usr/lib/jvm/java-6-openjdk/jre/lib/amd64/jli/libjli.so
7fae1b34b000-7fae1b34c000 r--p 00003000 08:01 9706383                    /usr/lib/jvm/java-6-openjdk/jre/lib/amd64/jli/libjli.so
7fae1b34c000-7fae1b34d000 rw-p 00004000 08:01 9706383                    /usr/lib/jvm/java-6-openjdk/jre/lib/amd64/jli/libjli.so
7fae1b34d000-7fae1b365000 r-xp 00000000 08:01 925856                     /lib/x86_64-linux-gnu/libpthread-2.13.so
7fae1b365000-7fae1b565000 ---p 00018000 08:01 925856                     /lib/x86_64-linux-gnu/libpthread-2.13.so
7fae1b565000-7fae1b566000 r--p 00018000 08:01 925856                     /lib/x86_64-linux-gnu/libpthread-2.13.so
7fae1b566000-7fae1b567000 rw-p 00019000 08:01 925856                     /lib/x86_64-linux-gnu/libpthread-2.13.so
7fae1b567000-7fae1b56b000 rw-p 00000000 00:00 0 
7fae1b56b000-7fae1b582000 r-xp 00000000 08:01 921329                     /lib/x86_64-linux-gnu/libz.so.1.2.3.4
7fae1b582000-7fae1b781000 ---p 00017000 08:01 921329                     /lib/x86_64-linux-gnu/libz.so.1.2.3.4
7fae1b781000-7fae1b782000 r--p 00016000 08:01 921329                     /lib/x86_64-linux-gnu/libz.so.1.2.3.4
7fae1b782000-7fae1b783000 rw-p 00017000 08:01 921329                     /lib/x86_64-linux-gnu/libz.so.1.2.3.4
7fae1b783000-7fae1b7a4000 r-xp 00000000 08:01 923974                     /lib/x86_64-linux-gnu/ld-2.13.so
7fae1b7bc000-7fae1b7c6000 rw-p 00000000 00:00 0 
7fae1b7c6000-7fae1b87c000 rw-p 00000000 00:00 0 
7fae1b87c000-7fae1b87f000 ---p 00000000 00:00 0 
7fae1b87f000-7fae1b982000 rw-p 00000000 00:00 0 
7fae1b997000-7fae1b99f000 rw-s 00000000 08:01 14156014                   /tmp/hsperfdata_ca/18960
7fae1b99f000-7fae1b9a0000 rw-p 00000000 00:00 0 
7fae1b9a0000-7fae1b9a1000 r--p 00000000 00:00 0 
7fae1b9a1000-7fae1b9a3000 rw-p 00000000 00:00 0 
7fae1b9a3000-7fae1b9a4000 r--p 00020000 08:01 923974                     /lib/x86_64-linux-gnu/ld-2.13.so
7fae1b9a4000-7fae1b9a6000 rw-p 00021000 08:01 923974                     /lib/x86_64-linux-gnu/ld-2.13.so
7fffca41f000-7fffca440000 rw-p 00000000 00:00 0                          [stack]
7fffca47b000-7fffca47c000 r-xp 00000000 00:00 0                          [vdso]
ffffffffff600000-ffffffffff601000 r-xp 00000000 00:00 0                  [vsyscall]

VM Arguments:
jvm_args: -Dfile.encoding=UTF-8 -Xbootclasspath:/home/ca/Embedded/android-sdk-linux/platforms/android-15/android.jar:/home/ca/Embedded/android-sdk-linux/add-ons/addon-google_apis-google_inc_-15-1/libs/effects.jar:/home/ca/Embedded/android-sdk-linux/add-ons/addon-google_apis-google_inc_-15-1/libs/usb.jar:/home/ca/Embedded/android-sdk-linux/add-ons/addon-google_apis-google_inc_-15-1/libs/maps.jar 
java_command: org.sunysb.cse549.database.DBAdapter
Launcher Type: SUN_STANDARD

Environment Variables:
PATH=/usr/local/sbin:/usr/local/bin:/usr/sbin:/usr/bin:/sbin:/bin:/usr/games
USERNAME=ca
LD_LIBRARY_PATH=/usr/lib/jvm/java-6-openjdk/jre/lib/amd64/server:/usr/lib/jvm/java-6-openjdk/jre/lib/amd64:/usr/lib/jvm/java-6-openjdk/jre/../lib/amd64
SHELL=/bin/bash
DISPLAY=:0.0

Signal Handlers:
SIGSEGV: [libjvm.so+0x7d1460], sa_mask[0]=0x7ffbfeff, sa_flags=0x10000004
SIGBUS: [libjvm.so+0x7d1460], sa_mask[0]=0x7ffbfeff, sa_flags=0x10000004
SIGFPE: [libjvm.so+0x683910], sa_mask[0]=0x7ffbfeff, sa_flags=0x10000004
SIGPIPE: [libjvm.so+0x683910], sa_mask[0]=0x7ffbfeff, sa_flags=0x10000004
SIGXFSZ: [libjvm.so+0x683910], sa_mask[0]=0x7ffbfeff, sa_flags=0x10000004
SIGILL: [libjvm.so+0x683910], sa_mask[0]=0x7ffbfeff, sa_flags=0x10000004
SIGUSR1: SIG_DFL, sa_mask[0]=0x00000000, sa_flags=0x00000000
SIGUSR2: [libjvm.so+0x683ae0], sa_mask[0]=0x00000004, sa_flags=0x10000004
SIGHUP: SIG_DFL, sa_mask[0]=0x00000000, sa_flags=0x00000000
SIGINT: SIG_DFL, sa_mask[0]=0x00000000, sa_flags=0x00000000
SIGTERM: SIG_DFL, sa_mask[0]=0x00000000, sa_flags=0x00000000
SIGQUIT: SIG_DFL, sa_mask[0]=0x00000000, sa_flags=0x00000000


---------------  S Y S T E M  ---------------

OS:Ubuntu 11.04 (natty)
uname:Linux 2.6.38-13-generic #56-Ubuntu SMP Tue Feb 14 12:39:59 UTC 2012 x86_64
libc:glibc 2.13 NPTL 2.13 
rlimit: STACK 8192k, CORE 0k, NPROC infinity, NOFILE 4096, AS infinity
load average:0.00 0.01 0.05

/proc/meminfo:
MemTotal:        3984244 kB
MemFree:           53376 kB
Buffers:          288868 kB
Cached:          1379476 kB
SwapCached:           44 kB
Active:          2461772 kB
Inactive:        1163900 kB
Active(anon):    1960256 kB
Inactive(anon):   276000 kB
Active(file):     501516 kB
Inactive(file):   887900 kB
Unevictable:          32 kB
Mlocked:              32 kB
SwapTotal:       4117500 kB
SwapFree:        4117432 kB
Dirty:                28 kB
Writeback:             0 kB
AnonPages:       1957080 kB
Mapped:           162828 kB
Shmem:            278928 kB
Slab:             148352 kB
SReclaimable:     119136 kB
SUnreclaim:        29216 kB
KernelStack:        3232 kB
PageTables:        28912 kB
NFS_Unstable:          0 kB
Bounce:                0 kB
WritebackTmp:          0 kB
CommitLimit:     6109620 kB
Committed_AS:    4032156 kB
VmallocTotal:   34359738367 kB
VmallocUsed:      375152 kB
VmallocChunk:   34359272368 kB
HardwareCorrupted:     0 kB
HugePages_Total:       0
HugePages_Free:        0
HugePages_Rsvd:        0
HugePages_Surp:        0
Hugepagesize:       2048 kB
DirectMap4k:       66240 kB
DirectMap2M:     4052992 kB


CPU:total 2 (2 cores per cpu, 1 threads per core) family 6 model 15 stepping 11, cmov, cx8, fxsr, mmx, sse, sse2, sse3, ssse3

Memory: 4k page, physical 3984244k(53376k free), swap 4117500k(4117432k free)

vm_info: OpenJDK 64-Bit Server VM (20.0-b11) for linux-amd64 JRE (1.6.0_22-b22), built on Feb 21 2012 00:28:06 by "buildd" with gcc 4.5.2

time: Sat May 12 16:58:29 2012
elapsed time: 0 seconds

