#
# A fatal error has been detected by the Java Runtime Environment:
#
#  Internal Error (classFileParser.cpp:3494), pid=18946, tid=139835587118848
#  Error: ShouldNotReachHere()
#
# JRE version: 6.0_22-b22
# Java VM: OpenJDK 64-Bit Server VM (20.0-b11 mixed mode linux-amd64 compressed oops)
# Derivative: IcedTea6 1.10.6
# Distribution: Ubuntu 11.04, package 6b22-1.10.6-0ubuntu1
# If you would like to submit a bug report, please include
# instructions how to reproduce the bug and visit:
#   https://bugs.launchpad.net/ubuntu/+source/openjdk-6/
#

---------------  T H R E A D  ---------------

Current thread (0x00000000011e9000):  JavaThread "Unknown thread" [_thread_in_vm, id=18948, stack(0x00007f2e026f4000,0x00007f2e027f5000)]

Stack: [0x00007f2e026f4000,0x00007f2e027f5000],  sp=0x00007f2e027f3040,  free space=1020k
Native frames: (J=compiled Java code, j=interpreted, Vv=VM code, C=native code)
V  [libjvm.so+0x7d0764]  VMError::report(outputStream*)+0x1244
V  [libjvm.so+0x7d0a19]  VMError::report_and_die()+0x169
V  [libjvm.so+0x3d21fa]  report_vm_error(char const*, int, char const*, char const*)+0x4a
V  [libjvm.so+0x365243]  ClassFileParser::parseClassFile(symbolHandle, Handle, Handle, KlassHandle, GrowableArray<Handle>*, symbolHandle&, bool, Thread*)+0x1553
V  [libjvm.so+0x36a1c3]  ClassLoader::load_classfile(symbolHandle, Thread*)+0x1f3
V  [libjvm.so+0x76052f]  SystemDictionary::load_instance_class(symbolHandle, Handle, Thread*)+0x3af
V  [libjvm.so+0x75ebf8]  SystemDictionary::resolve_instance_class_or_null(symbolHandle, Handle, Handle, Thread*)+0x738
V  [libjvm.so+0x760b73]  SystemDictionary::resolve_or_fail(symbolHandle, Handle, Handle, bool, Thread*)+0x33
V  [libjvm.so+0x760c54]  SystemDictionary::resolve_or_fail(symbolHandle, bool, Thread*)+0x14
V  [libjvm.so+0x760cf5]  SystemDictionary::initialize_wk_klass(SystemDictionary::WKID, int, Thread*)+0x95
V  [libjvm.so+0x760d59]  SystemDictionary::initialize_wk_klasses_until(SystemDictionary::WKID, SystemDictionary::WKID&, Thread*)+0x59
V  [libjvm.so+0x760e51]  SystemDictionary::initialize_preloaded_classes(Thread*)+0x71
V  [libjvm.so+0x7a778f]  Universe::genesis(Thread*)+0x12f
V  [libjvm.so+0x7a811f]  universe2_init()+0x1f
V  [libjvm.so+0x48dd35]  init_globals()+0x95
V  [libjvm.so+0x791a7b]  Threads::create_vm(JavaVMInitArgs*, bool*)+0x1ab
V  [libjvm.so+0x4eb440]  JNI_CreateJavaVM+0x80
C  [java+0x1eee]  JavaMain+0x7e


---------------  P R O C E S S  ---------------

Java Threads: ( => current thread )

Other Threads:

=>0x00000000011e9000 (exited) JavaThread "Unknown thread" [_thread_in_vm, id=18948, stack(0x00007f2e026f4000,0x00007f2e027f5000)]

VM state:not at safepoint (not fully initialized)

VM Mutex/Monitor currently owned by a thread: None

Dynamic libraries:
00400000-00409000 r-xp 00000000 08:01 9719437                            /usr/lib/jvm/java-6-openjdk/jre/bin/java
00608000-00609000 r--p 00008000 08:01 9719437                            /usr/lib/jvm/java-6-openjdk/jre/bin/java
00609000-0060a000 rw-p 00009000 08:01 9719437                            /usr/lib/jvm/java-6-openjdk/jre/bin/java
011de000-0126e000 rw-p 00000000 00:00 0                                  [heap]
b8c00000-ba0c0000 rw-p 00000000 00:00 0 
ba0c0000-c3200000 rw-p 00000000 00:00 0 
c3200000-c5a90000 rw-p 00000000 00:00 0 
c5a90000-ebb60000 rw-p 00000000 00:00 0 
ebb60000-ecfa0000 rw-p 00000000 00:00 0 
ecfa0000-100000000 rw-p 00000000 00:00 0 
7f2dfbf27000-7f2dfbfe4000 r--s 00fa8000 08:01 3936266                    /home/ca/Embedded/android-sdk-linux/platforms/android-15/android.jar
7f2dfbfe4000-7f2dfc00c000 rw-p 00000000 00:00 0 
7f2dfc00c000-7f2dfc00d000 ---p 00000000 00:00 0 
7f2dfc00d000-7f2dfc10d000 rw-p 00000000 00:00 0 
7f2dfc10d000-7f2dfc10e000 ---p 00000000 00:00 0 
7f2dfc10e000-7f2dfc219000 rw-p 00000000 00:00 0 
7f2dfc219000-7f2dfc261000 rw-p 00000000 00:00 0 
7f2dfc261000-7f2dfc276000 rw-p 00000000 00:00 0 
7f2dfc276000-7f2dfc3a6000 rw-p 00000000 00:00 0 
7f2dfc3a6000-7f2dfc3b1000 rw-p 00000000 00:00 0 
7f2dfc3b1000-7f2dfc3f9000 rw-p 00000000 00:00 0 
7f2dfc3f9000-7f2dfc40e000 rw-p 00000000 00:00 0 
7f2dfc40e000-7f2dfc53d000 rw-p 00000000 00:00 0 
7f2dfc53d000-7f2dfc548000 rw-p 00000000 00:00 0 
7f2dfc548000-7f2dfc5e0000 rw-p 00000000 00:00 0 
7f2dfc5e0000-7f2dfc5e1000 rw-p 00000000 00:00 0 
7f2dfc5e1000-7f2dfc851000 rwxp 00000000 00:00 0 
7f2dfc851000-7f2dff5e1000 rw-p 00000000 00:00 0 
7f2dff5e1000-7f2dff5e8000 r-xp 00000000 08:01 9719432                    /usr/lib/jvm/java-6-openjdk/jre/lib/amd64/libzip.so
7f2dff5e8000-7f2dff7e7000 ---p 00007000 08:01 9719432                    /usr/lib/jvm/java-6-openjdk/jre/lib/amd64/libzip.so
7f2dff7e7000-7f2dff7e8000 r--p 00006000 08:01 9719432                    /usr/lib/jvm/java-6-openjdk/jre/lib/amd64/libzip.so
7f2dff7e8000-7f2dff7e9000 rw-p 00007000 08:01 9719432                    /usr/lib/jvm/java-6-openjdk/jre/lib/amd64/libzip.so
7f2dff7e9000-7f2dff7f5000 r-xp 00000000 08:01 925851                     /lib/x86_64-linux-gnu/libnss_files-2.13.so
7f2dff7f5000-7f2dff9f4000 ---p 0000c000 08:01 925851                     /lib/x86_64-linux-gnu/libnss_files-2.13.so
7f2dff9f4000-7f2dff9f5000 r--p 0000b000 08:01 925851                     /lib/x86_64-linux-gnu/libnss_files-2.13.so
7f2dff9f5000-7f2dff9f6000 rw-p 0000c000 08:01 925851                     /lib/x86_64-linux-gnu/libnss_files-2.13.so
7f2dff9f6000-7f2dffa01000 r-xp 00000000 08:01 925853                     /lib/x86_64-linux-gnu/libnss_nis-2.13.so
7f2dffa01000-7f2dffc00000 ---p 0000b000 08:01 925853                     /lib/x86_64-linux-gnu/libnss_nis-2.13.so
7f2dffc00000-7f2dffc01000 r--p 0000a000 08:01 925853                     /lib/x86_64-linux-gnu/libnss_nis-2.13.so
7f2dffc01000-7f2dffc02000 rw-p 0000b000 08:01 925853                     /lib/x86_64-linux-gnu/libnss_nis-2.13.so
7f2dffc02000-7f2dffc0a000 r-xp 00000000 08:01 925849                     /lib/x86_64-linux-gnu/libnss_compat-2.13.so
7f2dffc0a000-7f2dffe09000 ---p 00008000 08:01 925849                     /lib/x86_64-linux-gnu/libnss_compat-2.13.so
7f2dffe09000-7f2dffe0a000 r--p 00007000 08:01 925849                     /lib/x86_64-linux-gnu/libnss_compat-2.13.so
7f2dffe0a000-7f2dffe0b000 rw-p 00008000 08:01 925849                     /lib/x86_64-linux-gnu/libnss_compat-2.13.so
7f2dffe0b000-7f2dffe22000 r-xp 00000000 08:01 925848                     /lib/x86_64-linux-gnu/libnsl-2.13.so
7f2dffe22000-7f2e00021000 ---p 00017000 08:01 925848                     /lib/x86_64-linux-gnu/libnsl-2.13.so
7f2e00021000-7f2e00022000 r--p 00016000 08:01 925848                     /lib/x86_64-linux-gnu/libnsl-2.13.so
7f2e00022000-7f2e00023000 rw-p 00017000 08:01 925848                     /lib/x86_64-linux-gnu/libnsl-2.13.so
7f2e00023000-7f2e00025000 rw-p 00000000 00:00 0 
7f2e00025000-7f2e00051000 r-xp 00000000 08:01 9706403                    /usr/lib/jvm/java-6-openjdk/jre/lib/amd64/libjava.so
7f2e00051000-7f2e00250000 ---p 0002c000 08:01 9706403                    /usr/lib/jvm/java-6-openjdk/jre/lib/amd64/libjava.so
7f2e00250000-7f2e00251000 r--p 0002b000 08:01 9706403                    /usr/lib/jvm/java-6-openjdk/jre/lib/amd64/libjava.so
7f2e00251000-7f2e00254000 rw-p 0002c000 08:01 9706403                    /usr/lib/jvm/java-6-openjdk/jre/lib/amd64/libjava.so
7f2e00254000-7f2e00262000 r-xp 00000000 08:01 9719431                    /usr/lib/jvm/java-6-openjdk/jre/lib/amd64/libverify.so
7f2e00262000-7f2e00461000 ---p 0000e000 08:01 9719431                    /usr/lib/jvm/java-6-openjdk/jre/lib/amd64/libverify.so
7f2e00461000-7f2e00463000 r--p 0000d000 08:01 9719431                    /usr/lib/jvm/java-6-openjdk/jre/lib/amd64/libverify.so
7f2e00463000-7f2e00464000 rw-p 0000f000 08:01 9719431                    /usr/lib/jvm/java-6-openjdk/jre/lib/amd64/libverify.so
7f2e00464000-7f2e0046b000 r-xp 00000000 08:01 925858                     /lib/x86_64-linux-gnu/librt-2.13.so
7f2e0046b000-7f2e0066a000 ---p 00007000 08:01 925858                     /lib/x86_64-linux-gnu/librt-2.13.so
7f2e0066a000-7f2e0066b000 r--p 00006000 08:01 925858                     /lib/x86_64-linux-gnu/librt-2.13.so
7f2e0066b000-7f2e0066c000 rw-p 00007000 08:01 925858                     /lib/x86_64-linux-gnu/librt-2.13.so
7f2e0066c000-7f2e00681000 r-xp 00000000 08:01 921274                     /lib/x86_64-linux-gnu/libgcc_s.so.1
7f2e00681000-7f2e00880000 ---p 00015000 08:01 921274                     /lib/x86_64-linux-gnu/libgcc_s.so.1
7f2e00880000-7f2e00881000 r--p 00014000 08:01 921274                     /lib/x86_64-linux-gnu/libgcc_s.so.1
7f2e00881000-7f2e00882000 rw-p 00015000 08:01 921274                     /lib/x86_64-linux-gnu/libgcc_s.so.1
7f2e00882000-7f2e00906000 r-xp 00000000 08:01 925826                     /lib/x86_64-linux-gnu/libm-2.13.so
7f2e00906000-7f2e00b05000 ---p 00084000 08:01 925826                     /lib/x86_64-linux-gnu/libm-2.13.so
7f2e00b05000-7f2e00b06000 r--p 00083000 08:01 925826                     /lib/x86_64-linux-gnu/libm-2.13.so
7f2e00b06000-7f2e00b07000 rw-p 00084000 08:01 925826                     /lib/x86_64-linux-gnu/libm-2.13.so
7f2e00b07000-7f2e00bef000 r-xp 00000000 08:01 9707771                    /usr/lib/x86_64-linux-gnu/libstdc++.so.6.0.14
7f2e00bef000-7f2e00dee000 ---p 000e8000 08:01 9707771                    /usr/lib/x86_64-linux-gnu/libstdc++.so.6.0.14
7f2e00dee000-7f2e00df6000 r--p 000e7000 08:01 9707771                    /usr/lib/x86_64-linux-gnu/libstdc++.so.6.0.14
7f2e00df6000-7f2e00df8000 rw-p 000ef000 08:01 9707771                    /usr/lib/x86_64-linux-gnu/libstdc++.so.6.0.14
7f2e00df8000-7f2e00e0d000 rw-p 00000000 00:00 0 
7f2e00e0d000-7f2e01763000 r-xp 00000000 08:01 9719434                    /usr/lib/jvm/java-6-openjdk/jre/lib/amd64/server/libjvm.so
7f2e01763000-7f2e01962000 ---p 00956000 08:01 9719434                    /usr/lib/jvm/java-6-openjdk/jre/lib/amd64/server/libjvm.so
7f2e01962000-7f2e019e3000 r--p 00955000 08:01 9719434                    /usr/lib/jvm/java-6-openjdk/jre/lib/amd64/server/libjvm.so
7f2e019e3000-7f2e019fe000 rw-p 009d6000 08:01 9719434                    /usr/lib/jvm/java-6-openjdk/jre/lib/amd64/server/libjvm.so
7f2e019fe000-7f2e01a27000 rw-p 00000000 00:00 0 
7f2e01a27000-7f2e01bb1000 r-xp 00000000 08:01 925822                     /lib/x86_64-linux-gnu/libc-2.13.so
7f2e01bb1000-7f2e01db1000 ---p 0018a000 08:01 925822                     /lib/x86_64-linux-gnu/libc-2.13.so
7f2e01db1000-7f2e01db5000 r--p 0018a000 08:01 925822                     /lib/x86_64-linux-gnu/libc-2.13.so
7f2e01db5000-7f2e01db6000 rw-p 0018e000 08:01 925822                     /lib/x86_64-linux-gnu/libc-2.13.so
7f2e01db6000-7f2e01dbc000 rw-p 00000000 00:00 0 
7f2e01dbc000-7f2e01dbe000 r-xp 00000000 08:01 925825                     /lib/x86_64-linux-gnu/libdl-2.13.so
7f2e01dbe000-7f2e01fbe000 ---p 00002000 08:01 925825                     /lib/x86_64-linux-gnu/libdl-2.13.so
7f2e01fbe000-7f2e01fbf000 r--p 00002000 08:01 925825                     /lib/x86_64-linux-gnu/libdl-2.13.so
7f2e01fbf000-7f2e01fc0000 rw-p 00003000 08:01 925825                     /lib/x86_64-linux-gnu/libdl-2.13.so
7f2e01fc0000-7f2e01fc4000 r-xp 00000000 08:01 9706383                    /usr/lib/jvm/java-6-openjdk/jre/lib/amd64/jli/libjli.so
7f2e01fc4000-7f2e021c3000 ---p 00004000 08:01 9706383                    /usr/lib/jvm/java-6-openjdk/jre/lib/amd64/jli/libjli.so
7f2e021c3000-7f2e021c4000 r--p 00003000 08:01 9706383                    /usr/lib/jvm/java-6-openjdk/jre/lib/amd64/jli/libjli.so
7f2e021c4000-7f2e021c5000 rw-p 00004000 08:01 9706383                    /usr/lib/jvm/java-6-openjdk/jre/lib/amd64/jli/libjli.so
7f2e021c5000-7f2e021dd000 r-xp 00000000 08:01 925856                     /lib/x86_64-linux-gnu/libpthread-2.13.so
7f2e021dd000-7f2e023dd000 ---p 00018000 08:01 925856                     /lib/x86_64-linux-gnu/libpthread-2.13.so
7f2e023dd000-7f2e023de000 r--p 00018000 08:01 925856                     /lib/x86_64-linux-gnu/libpthread-2.13.so
7f2e023de000-7f2e023df000 rw-p 00019000 08:01 925856                     /lib/x86_64-linux-gnu/libpthread-2.13.so
7f2e023df000-7f2e023e3000 rw-p 00000000 00:00 0 
7f2e023e3000-7f2e023fa000 r-xp 00000000 08:01 921329                     /lib/x86_64-linux-gnu/libz.so.1.2.3.4
7f2e023fa000-7f2e025f9000 ---p 00017000 08:01 921329                     /lib/x86_64-linux-gnu/libz.so.1.2.3.4
7f2e025f9000-7f2e025fa000 r--p 00016000 08:01 921329                     /lib/x86_64-linux-gnu/libz.so.1.2.3.4
7f2e025fa000-7f2e025fb000 rw-p 00017000 08:01 921329                     /lib/x86_64-linux-gnu/libz.so.1.2.3.4
7f2e025fb000-7f2e0261c000 r-xp 00000000 08:01 923974                     /lib/x86_64-linux-gnu/ld-2.13.so
7f2e02634000-7f2e0263e000 rw-p 00000000 00:00 0 
7f2e0263e000-7f2e026f4000 rw-p 00000000 00:00 0 
7f2e026f4000-7f2e026f7000 ---p 00000000 00:00 0 
7f2e026f7000-7f2e027fa000 rw-p 00000000 00:00 0 
7f2e0280f000-7f2e02817000 rw-s 00000000 08:01 14156014                   /tmp/hsperfdata_ca/18946
7f2e02817000-7f2e02818000 rw-p 00000000 00:00 0 
7f2e02818000-7f2e02819000 r--p 00000000 00:00 0 
7f2e02819000-7f2e0281b000 rw-p 00000000 00:00 0 
7f2e0281b000-7f2e0281c000 r--p 00020000 08:01 923974                     /lib/x86_64-linux-gnu/ld-2.13.so
7f2e0281c000-7f2e0281e000 rw-p 00021000 08:01 923974                     /lib/x86_64-linux-gnu/ld-2.13.so
7fffdd3cd000-7fffdd3ee000 rw-p 00000000 00:00 0                          [stack]
7fffdd3ff000-7fffdd400000 r-xp 00000000 00:00 0                          [vdso]
ffffffffff600000-ffffffffff601000 r-xp 00000000 00:00 0                  [vsyscall]

VM Arguments:
jvm_args: -Dfile.encoding=UTF-8 -Xbootclasspath:/home/ca/Embedded/android-sdk-linux/platforms/android-15/android.jar:/home/ca/Embedded/android-sdk-linux/add-ons/addon-google_apis-google_inc_-15-1/libs/effects.jar:/home/ca/Embedded/android-sdk-linux/add-ons/addon-google_apis-google_inc_-15-1/libs/usb.jar:/home/ca/Embedded/android-sdk-linux/add-ons/addon-google_apis-google_inc_-15-1/libs/maps.jar 
java_command: org.sunysb.cse549.database.DBAdapter
Launcher Type: SUN_STANDARD

Environment Variables:
PATH=/usr/local/sbin:/usr/local/bin:/usr/sbin:/usr/bin:/sbin:/bin:/usr/games
USERNAME=ca
LD_LIBRARY_PATH=/usr/lib/jvm/java-6-openjdk/jre/lib/amd64/server:/usr/lib/jvm/java-6-openjdk/jre/lib/amd64:/usr/lib/jvm/java-6-openjdk/jre/../lib/amd64
SHELL=/bin/bash
DISPLAY=:0.0

Signal Handlers:
SIGSEGV: [libjvm.so+0x7d1460], sa_mask[0]=0x7ffbfeff, sa_flags=0x10000004
SIGBUS: [libjvm.so+0x7d1460], sa_mask[0]=0x7ffbfeff, sa_flags=0x10000004
SIGFPE: [libjvm.so+0x683910], sa_mask[0]=0x7ffbfeff, sa_flags=0x10000004
SIGPIPE: [libjvm.so+0x683910], sa_mask[0]=0x7ffbfeff, sa_flags=0x10000004
SIGXFSZ: [libjvm.so+0x683910], sa_mask[0]=0x7ffbfeff, sa_flags=0x10000004
SIGILL: [libjvm.so+0x683910], sa_mask[0]=0x7ffbfeff, sa_flags=0x10000004
SIGUSR1: SIG_DFL, sa_mask[0]=0x00000000, sa_flags=0x00000000
SIGUSR2: [libjvm.so+0x683ae0], sa_mask[0]=0x00000004, sa_flags=0x10000004
SIGHUP: SIG_DFL, sa_mask[0]=0x00000000, sa_flags=0x00000000
SIGINT: SIG_DFL, sa_mask[0]=0x00000000, sa_flags=0x00000000
SIGTERM: SIG_DFL, sa_mask[0]=0x00000000, sa_flags=0x00000000
SIGQUIT: SIG_DFL, sa_mask[0]=0x00000000, sa_flags=0x00000000


---------------  S Y S T E M  ---------------

OS:Ubuntu 11.04 (natty)
uname:Linux 2.6.38-13-generic #56-Ubuntu SMP Tue Feb 14 12:39:59 UTC 2012 x86_64
libc:glibc 2.13 NPTL 2.13 
rlimit: STACK 8192k, CORE 0k, NPROC infinity, NOFILE 4096, AS infinity
load average:0.00 0.01 0.05

/proc/meminfo:
MemTotal:        3984244 kB
MemFree:           56520 kB
Buffers:          288852 kB
Cached:          1379024 kB
SwapCached:           44 kB
Active:          2456188 kB
Inactive:        1165636 kB
Active(anon):    1956540 kB
Inactive(anon):   276008 kB
Active(file):     499648 kB
Inactive(file):   889628 kB
Unevictable:          32 kB
Mlocked:              32 kB
SwapTotal:       4117500 kB
SwapFree:        4117432 kB
Dirty:               248 kB
Writeback:             0 kB
AnonPages:       1954040 kB
Mapped:           162832 kB
Shmem:            278476 kB
Slab:             148316 kB
SReclaimable:     119136 kB
SUnreclaim:        29180 kB
KernelStack:        3224 kB
PageTables:        29060 kB
NFS_Unstable:          0 kB
Bounce:                0 kB
WritebackTmp:          0 kB
CommitLimit:     6109620 kB
Committed_AS:    4030252 kB
VmallocTotal:   34359738367 kB
VmallocUsed:      375152 kB
VmallocChunk:   34359272368 kB
HardwareCorrupted:     0 kB
HugePages_Total:       0
HugePages_Free:        0
HugePages_Rsvd:        0
HugePages_Surp:        0
Hugepagesize:       2048 kB
DirectMap4k:       66240 kB
DirectMap2M:     4052992 kB


CPU:total 2 (2 cores per cpu, 1 threads per core) family 6 model 15 stepping 11, cmov, cx8, fxsr, mmx, sse, sse2, sse3, ssse3

Memory: 4k page, physical 3984244k(56520k free), swap 4117500k(4117432k free)

vm_info: OpenJDK 64-Bit Server VM (20.0-b11) for linux-amd64 JRE (1.6.0_22-b22), built on Feb 21 2012 00:28:06 by "buildd" with gcc 4.5.2

time: Sat May 12 16:57:29 2012
elapsed time: 0 seconds

