#
# A fatal error has been detected by the Java Runtime Environment:
#
#  Internal Error (classFileParser.cpp:3494), pid=19581, tid=140378199471872
#  Error: ShouldNotReachHere()
#
# JRE version: 6.0_22-b22
# Java VM: OpenJDK 64-Bit Server VM (20.0-b11 mixed mode linux-amd64 compressed oops)
# Derivative: IcedTea6 1.10.6
# Distribution: Ubuntu 11.04, package 6b22-1.10.6-0ubuntu1
# If you would like to submit a bug report, please include
# instructions how to reproduce the bug and visit:
#   https://bugs.launchpad.net/ubuntu/+source/openjdk-6/
#

---------------  T H R E A D  ---------------

Current thread (0x0000000001923000):  JavaThread "Unknown thread" [_thread_in_vm, id=19587, stack(0x00007fac58a6b000,0x00007fac58b6c000)]

Stack: [0x00007fac58a6b000,0x00007fac58b6c000],  sp=0x00007fac58b6a040,  free space=1020k
Native frames: (J=compiled Java code, j=interpreted, Vv=VM code, C=native code)
V  [libjvm.so+0x7d0764]  VMError::report(outputStream*)+0x1244
V  [libjvm.so+0x7d0a19]  VMError::report_and_die()+0x169
V  [libjvm.so+0x3d21fa]  report_vm_error(char const*, int, char const*, char const*)+0x4a
V  [libjvm.so+0x365243]  ClassFileParser::parseClassFile(symbolHandle, Handle, Handle, KlassHandle, GrowableArray<Handle>*, symbolHandle&, bool, Thread*)+0x1553
V  [libjvm.so+0x36a1c3]  ClassLoader::load_classfile(symbolHandle, Thread*)+0x1f3
V  [libjvm.so+0x76052f]  SystemDictionary::load_instance_class(symbolHandle, Handle, Thread*)+0x3af
V  [libjvm.so+0x75ebf8]  SystemDictionary::resolve_instance_class_or_null(symbolHandle, Handle, Handle, Thread*)+0x738
V  [libjvm.so+0x760b73]  SystemDictionary::resolve_or_fail(symbolHandle, Handle, Handle, bool, Thread*)+0x33
V  [libjvm.so+0x760c54]  SystemDictionary::resolve_or_fail(symbolHandle, bool, Thread*)+0x14
V  [libjvm.so+0x760cf5]  SystemDictionary::initialize_wk_klass(SystemDictionary::WKID, int, Thread*)+0x95
V  [libjvm.so+0x760d59]  SystemDictionary::initialize_wk_klasses_until(SystemDictionary::WKID, SystemDictionary::WKID&, Thread*)+0x59
V  [libjvm.so+0x760e51]  SystemDictionary::initialize_preloaded_classes(Thread*)+0x71
V  [libjvm.so+0x7a778f]  Universe::genesis(Thread*)+0x12f
V  [libjvm.so+0x7a811f]  universe2_init()+0x1f
V  [libjvm.so+0x48dd35]  init_globals()+0x95
V  [libjvm.so+0x791a7b]  Threads::create_vm(JavaVMInitArgs*, bool*)+0x1ab
V  [libjvm.so+0x4eb440]  JNI_CreateJavaVM+0x80
C  [java+0x1eee]  JavaMain+0x7e


---------------  P R O C E S S  ---------------

Java Threads: ( => current thread )

Other Threads:

=>0x0000000001923000 (exited) JavaThread "Unknown thread" [_thread_in_vm, id=19587, stack(0x00007fac58a6b000,0x00007fac58b6c000)]

VM state:not at safepoint (not fully initialized)

VM Mutex/Monitor currently owned by a thread: None

Dynamic libraries:
00400000-00409000 r-xp 00000000 08:01 9719437                            /usr/lib/jvm/java-6-openjdk/jre/bin/java
00608000-00609000 r--p 00008000 08:01 9719437                            /usr/lib/jvm/java-6-openjdk/jre/bin/java
00609000-0060a000 rw-p 00009000 08:01 9719437                            /usr/lib/jvm/java-6-openjdk/jre/bin/java
01916000-019a8000 rw-p 00000000 00:00 0                                  [heap]
b8c00000-ba0c0000 rw-p 00000000 00:00 0 
ba0c0000-c3200000 rw-p 00000000 00:00 0 
c3200000-c5a90000 rw-p 00000000 00:00 0 
c5a90000-ebb60000 rw-p 00000000 00:00 0 
ebb60000-ecfa0000 rw-p 00000000 00:00 0 
ecfa0000-100000000 rw-p 00000000 00:00 0 
7fac517d5000-7fac51892000 r--s 00fa8000 08:01 3936266                    /home/ca/Embedded/android-sdk-linux/platforms/android-15/android.jar
7fac51892000-7fac518ba000 rw-p 00000000 00:00 0 
7fac518ba000-7fac518bb000 ---p 00000000 00:00 0 
7fac518bb000-7fac519bb000 rw-p 00000000 00:00 0 
7fac519bb000-7fac519bc000 ---p 00000000 00:00 0 
7fac519bc000-7fac51ac7000 rw-p 00000000 00:00 0 
7fac51ac7000-7fac51b0f000 rw-p 00000000 00:00 0 
7fac51b0f000-7fac51b24000 rw-p 00000000 00:00 0 
7fac51b24000-7fac51c54000 rw-p 00000000 00:00 0 
7fac51c54000-7fac51c5f000 rw-p 00000000 00:00 0 
7fac51c5f000-7fac51ca7000 rw-p 00000000 00:00 0 
7fac51ca7000-7fac51cbc000 rw-p 00000000 00:00 0 
7fac51cbc000-7fac51deb000 rw-p 00000000 00:00 0 
7fac51deb000-7fac51df6000 rw-p 00000000 00:00 0 
7fac51df6000-7fac51e8e000 rw-p 00000000 00:00 0 
7fac51e8e000-7fac51e8f000 rw-p 00000000 00:00 0 
7fac51e8f000-7fac520ff000 rwxp 00000000 00:00 0 
7fac520ff000-7fac54e8f000 rw-p 00000000 00:00 0 
7fac54e8f000-7fac54e96000 r-xp 00000000 08:01 9719432                    /usr/lib/jvm/java-6-openjdk/jre/lib/amd64/libzip.so
7fac54e96000-7fac55095000 ---p 00007000 08:01 9719432                    /usr/lib/jvm/java-6-openjdk/jre/lib/amd64/libzip.so
7fac55095000-7fac55096000 r--p 00006000 08:01 9719432                    /usr/lib/jvm/java-6-openjdk/jre/lib/amd64/libzip.so
7fac55096000-7fac55097000 rw-p 00007000 08:01 9719432                    /usr/lib/jvm/java-6-openjdk/jre/lib/amd64/libzip.so
7fac55097000-7fac550a3000 r-xp 00000000 08:01 925851                     /lib/x86_64-linux-gnu/libnss_files-2.13.so
7fac550a3000-7fac552a2000 ---p 0000c000 08:01 925851                     /lib/x86_64-linux-gnu/libnss_files-2.13.so
7fac552a2000-7fac552a3000 r--p 0000b000 08:01 925851                     /lib/x86_64-linux-gnu/libnss_files-2.13.so
7fac552a3000-7fac552a4000 rw-p 0000c000 08:01 925851                     /lib/x86_64-linux-gnu/libnss_files-2.13.so
7fac552a4000-7fac552af000 r-xp 00000000 08:01 925853                     /lib/x86_64-linux-gnu/libnss_nis-2.13.so
7fac552af000-7fac554ae000 ---p 0000b000 08:01 925853                     /lib/x86_64-linux-gnu/libnss_nis-2.13.so
7fac554ae000-7fac554af000 r--p 0000a000 08:01 925853                     /lib/x86_64-linux-gnu/libnss_nis-2.13.so
7fac554af000-7fac554b0000 rw-p 0000b000 08:01 925853                     /lib/x86_64-linux-gnu/libnss_nis-2.13.so
7fac554b0000-7fac554b8000 r-xp 00000000 08:01 925849                     /lib/x86_64-linux-gnu/libnss_compat-2.13.so
7fac554b8000-7fac556b7000 ---p 00008000 08:01 925849                     /lib/x86_64-linux-gnu/libnss_compat-2.13.so
7fac556b7000-7fac556b8000 r--p 00007000 08:01 925849                     /lib/x86_64-linux-gnu/libnss_compat-2.13.so
7fac556b8000-7fac556b9000 rw-p 00008000 08:01 925849                     /lib/x86_64-linux-gnu/libnss_compat-2.13.so
7fac556b9000-7fac55d43000 r--p 00000000 08:01 9706547                    /usr/lib/locale/locale-archive
7fac55d43000-7fac55d46000 r-xp 00000000 08:01 9706418                    /usr/lib/jvm/java-6-openjdk/jre/lib/amd64/libnpt.so
7fac55d46000-7fac55f45000 ---p 00003000 08:01 9706418                    /usr/lib/jvm/java-6-openjdk/jre/lib/amd64/libnpt.so
7fac55f45000-7fac55f46000 r--p 00002000 08:01 9706418                    /usr/lib/jvm/java-6-openjdk/jre/lib/amd64/libnpt.so
7fac55f46000-7fac55f47000 rw-p 00003000 08:01 9706418                    /usr/lib/jvm/java-6-openjdk/jre/lib/amd64/libnpt.so
7fac55f47000-7fac55f81000 r-xp 00000000 08:01 9706406                    /usr/lib/jvm/java-6-openjdk/jre/lib/amd64/libjdwp.so
7fac55f81000-7fac56180000 ---p 0003a000 08:01 9706406                    /usr/lib/jvm/java-6-openjdk/jre/lib/amd64/libjdwp.so
7fac56180000-7fac56181000 r--p 00039000 08:01 9706406                    /usr/lib/jvm/java-6-openjdk/jre/lib/amd64/libjdwp.so
7fac56181000-7fac56182000 rw-p 0003a000 08:01 9706406                    /usr/lib/jvm/java-6-openjdk/jre/lib/amd64/libjdwp.so
7fac56182000-7fac56199000 r-xp 00000000 08:01 925848                     /lib/x86_64-linux-gnu/libnsl-2.13.so
7fac56199000-7fac56398000 ---p 00017000 08:01 925848                     /lib/x86_64-linux-gnu/libnsl-2.13.so
7fac56398000-7fac56399000 r--p 00016000 08:01 925848                     /lib/x86_64-linux-gnu/libnsl-2.13.so
7fac56399000-7fac5639a000 rw-p 00017000 08:01 925848                     /lib/x86_64-linux-gnu/libnsl-2.13.so
7fac5639a000-7fac5639c000 rw-p 00000000 00:00 0 
7fac5639c000-7fac563c8000 r-xp 00000000 08:01 9706403                    /usr/lib/jvm/java-6-openjdk/jre/lib/amd64/libjava.so
7fac563c8000-7fac565c7000 ---p 0002c000 08:01 9706403                    /usr/lib/jvm/java-6-openjdk/jre/lib/amd64/libjava.so
7fac565c7000-7fac565c8000 r--p 0002b000 08:01 9706403                    /usr/lib/jvm/java-6-openjdk/jre/lib/amd64/libjava.so
7fac565c8000-7fac565cb000 rw-p 0002c000 08:01 9706403                    /usr/lib/jvm/java-6-openjdk/jre/lib/amd64/libjava.so
7fac565cb000-7fac565d9000 r-xp 00000000 08:01 9719431                    /usr/lib/jvm/java-6-openjdk/jre/lib/amd64/libverify.so
7fac565d9000-7fac567d8000 ---p 0000e000 08:01 9719431                    /usr/lib/jvm/java-6-openjdk/jre/lib/amd64/libverify.so
7fac567d8000-7fac567da000 r--p 0000d000 08:01 9719431                    /usr/lib/jvm/java-6-openjdk/jre/lib/amd64/libverify.so
7fac567da000-7fac567db000 rw-p 0000f000 08:01 9719431                    /usr/lib/jvm/java-6-openjdk/jre/lib/amd64/libverify.so
7fac567db000-7fac567e2000 r-xp 00000000 08:01 925858                     /lib/x86_64-linux-gnu/librt-2.13.so
7fac567e2000-7fac569e1000 ---p 00007000 08:01 925858                     /lib/x86_64-linux-gnu/librt-2.13.so
7fac569e1000-7fac569e2000 r--p 00006000 08:01 925858                     /lib/x86_64-linux-gnu/librt-2.13.so
7fac569e2000-7fac569e3000 rw-p 00007000 08:01 925858                     /lib/x86_64-linux-gnu/librt-2.13.so
7fac569e3000-7fac569f8000 r-xp 00000000 08:01 921274                     /lib/x86_64-linux-gnu/libgcc_s.so.1
7fac569f8000-7fac56bf7000 ---p 00015000 08:01 921274                     /lib/x86_64-linux-gnu/libgcc_s.so.1
7fac56bf7000-7fac56bf8000 r--p 00014000 08:01 921274                     /lib/x86_64-linux-gnu/libgcc_s.so.1
7fac56bf8000-7fac56bf9000 rw-p 00015000 08:01 921274                     /lib/x86_64-linux-gnu/libgcc_s.so.1
7fac56bf9000-7fac56c7d000 r-xp 00000000 08:01 925826                     /lib/x86_64-linux-gnu/libm-2.13.so
7fac56c7d000-7fac56e7c000 ---p 00084000 08:01 925826                     /lib/x86_64-linux-gnu/libm-2.13.so
7fac56e7c000-7fac56e7d000 r--p 00083000 08:01 925826                     /lib/x86_64-linux-gnu/libm-2.13.so
7fac56e7d000-7fac56e7e000 rw-p 00084000 08:01 925826                     /lib/x86_64-linux-gnu/libm-2.13.so
7fac56e7e000-7fac56f66000 r-xp 00000000 08:01 9707771                    /usr/lib/x86_64-linux-gnu/libstdc++.so.6.0.14
7fac56f66000-7fac57165000 ---p 000e8000 08:01 9707771                    /usr/lib/x86_64-linux-gnu/libstdc++.so.6.0.14
7fac57165000-7fac5716d000 r--p 000e7000 08:01 9707771                    /usr/lib/x86_64-linux-gnu/libstdc++.so.6.0.14
7fac5716d000-7fac5716f000 rw-p 000ef000 08:01 9707771                    /usr/lib/x86_64-linux-gnu/libstdc++.so.6.0.14
7fac5716f000-7fac57184000 rw-p 00000000 00:00 0 
7fac57184000-7fac57ada000 r-xp 00000000 08:01 9719434                    /usr/lib/jvm/java-6-openjdk/jre/lib/amd64/server/libjvm.so
7fac57ada000-7fac57cd9000 ---p 00956000 08:01 9719434                    /usr/lib/jvm/java-6-openjdk/jre/lib/amd64/server/libjvm.so
7fac57cd9000-7fac57d5a000 r--p 00955000 08:01 9719434                    /usr/lib/jvm/java-6-openjdk/jre/lib/amd64/server/libjvm.so
7fac57d5a000-7fac57d75000 rw-p 009d6000 08:01 9719434                    /usr/lib/jvm/java-6-openjdk/jre/lib/amd64/server/libjvm.so
7fac57d75000-7fac57d9e000 rw-p 00000000 00:00 0 
7fac57d9e000-7fac57f28000 r-xp 00000000 08:01 925822                     /lib/x86_64-linux-gnu/libc-2.13.so
7fac57f28000-7fac58128000 ---p 0018a000 08:01 925822                     /lib/x86_64-linux-gnu/libc-2.13.so
7fac58128000-7fac5812c000 r--p 0018a000 08:01 925822                     /lib/x86_64-linux-gnu/libc-2.13.so
7fac5812c000-7fac5812d000 rw-p 0018e000 08:01 925822                     /lib/x86_64-linux-gnu/libc-2.13.so
7fac5812d000-7fac58133000 rw-p 00000000 00:00 0 
7fac58133000-7fac58135000 r-xp 00000000 08:01 925825                     /lib/x86_64-linux-gnu/libdl-2.13.so
7fac58135000-7fac58335000 ---p 00002000 08:01 925825                     /lib/x86_64-linux-gnu/libdl-2.13.so
7fac58335000-7fac58336000 r--p 00002000 08:01 925825                     /lib/x86_64-linux-gnu/libdl-2.13.so
7fac58336000-7fac58337000 rw-p 00003000 08:01 925825                     /lib/x86_64-linux-gnu/libdl-2.13.so
7fac58337000-7fac5833b000 r-xp 00000000 08:01 9706383                    /usr/lib/jvm/java-6-openjdk/jre/lib/amd64/jli/libjli.so
7fac5833b000-7fac5853a000 ---p 00004000 08:01 9706383                    /usr/lib/jvm/java-6-openjdk/jre/lib/amd64/jli/libjli.so
7fac5853a000-7fac5853b000 r--p 00003000 08:01 9706383                    /usr/lib/jvm/java-6-openjdk/jre/lib/amd64/jli/libjli.so
7fac5853b000-7fac5853c000 rw-p 00004000 08:01 9706383                    /usr/lib/jvm/java-6-openjdk/jre/lib/amd64/jli/libjli.so
7fac5853c000-7fac58554000 r-xp 00000000 08:01 925856                     /lib/x86_64-linux-gnu/libpthread-2.13.so
7fac58554000-7fac58754000 ---p 00018000 08:01 925856                     /lib/x86_64-linux-gnu/libpthread-2.13.so
7fac58754000-7fac58755000 r--p 00018000 08:01 925856                     /lib/x86_64-linux-gnu/libpthread-2.13.so
7fac58755000-7fac58756000 rw-p 00019000 08:01 925856                     /lib/x86_64-linux-gnu/libpthread-2.13.so
7fac58756000-7fac5875a000 rw-p 00000000 00:00 0 
7fac5875a000-7fac58771000 r-xp 00000000 08:01 921329                     /lib/x86_64-linux-gnu/libz.so.1.2.3.4
7fac58771000-7fac58970000 ---p 00017000 08:01 921329                     /lib/x86_64-linux-gnu/libz.so.1.2.3.4
7fac58970000-7fac58971000 r--p 00016000 08:01 921329                     /lib/x86_64-linux-gnu/libz.so.1.2.3.4
7fac58971000-7fac58972000 rw-p 00017000 08:01 921329                     /lib/x86_64-linux-gnu/libz.so.1.2.3.4
7fac58972000-7fac58993000 r-xp 00000000 08:01 923974                     /lib/x86_64-linux-gnu/ld-2.13.so
7fac589ab000-7fac589b5000 rw-p 00000000 00:00 0 
7fac589b5000-7fac58a6b000 rw-p 00000000 00:00 0 
7fac58a6b000-7fac58a6e000 ---p 00000000 00:00 0 
7fac58a6e000-7fac58b71000 rw-p 00000000 00:00 0 
7fac58b86000-7fac58b8e000 rw-s 00000000 08:01 14156014                   /tmp/hsperfdata_ca/19581
7fac58b8e000-7fac58b8f000 rw-p 00000000 00:00 0 
7fac58b8f000-7fac58b90000 r--p 00000000 00:00 0 
7fac58b90000-7fac58b92000 rw-p 00000000 00:00 0 
7fac58b92000-7fac58b93000 r--p 00020000 08:01 923974                     /lib/x86_64-linux-gnu/ld-2.13.so
7fac58b93000-7fac58b95000 rw-p 00021000 08:01 923974                     /lib/x86_64-linux-gnu/ld-2.13.so
7fffad75e000-7fffad77f000 rw-p 00000000 00:00 0                          [stack]
7fffad782000-7fffad783000 r-xp 00000000 00:00 0                          [vdso]
ffffffffff600000-ffffffffff601000 r-xp 00000000 00:00 0                  [vsyscall]

VM Arguments:
jvm_args: -agentlib:jdwp=transport=dt_socket,suspend=y,address=localhost:49682 -Dfile.encoding=UTF-8 -Xbootclasspath:/home/ca/Embedded/android-sdk-linux/platforms/android-15/android.jar:/home/ca/Embedded/android-sdk-linux/add-ons/addon-google_apis-google_inc_-15-1/libs/effects.jar:/home/ca/Embedded/android-sdk-linux/add-ons/addon-google_apis-google_inc_-15-1/libs/usb.jar:/home/ca/Embedded/android-sdk-linux/add-ons/addon-google_apis-google_inc_-15-1/libs/maps.jar 
java_command: org.sunysb.cse549.database.DBAdapter
Launcher Type: SUN_STANDARD

Environment Variables:
PATH=/usr/local/sbin:/usr/local/bin:/usr/sbin:/usr/bin:/sbin:/bin:/usr/games
USERNAME=ca
LD_LIBRARY_PATH=/usr/lib/jvm/java-6-openjdk/jre/lib/amd64/server:/usr/lib/jvm/java-6-openjdk/jre/lib/amd64:/usr/lib/jvm/java-6-openjdk/jre/../lib/amd64
SHELL=/bin/bash
DISPLAY=:0.0

Signal Handlers:
SIGSEGV: [libjvm.so+0x7d1460], sa_mask[0]=0x7ffbfeff, sa_flags=0x10000004
SIGBUS: [libjvm.so+0x7d1460], sa_mask[0]=0x7ffbfeff, sa_flags=0x10000004
SIGFPE: [libjvm.so+0x683910], sa_mask[0]=0x7ffbfeff, sa_flags=0x10000004
SIGPIPE: [libjvm.so+0x683910], sa_mask[0]=0x7ffbfeff, sa_flags=0x10000004
SIGXFSZ: [libjvm.so+0x683910], sa_mask[0]=0x7ffbfeff, sa_flags=0x10000004
SIGILL: [libjvm.so+0x683910], sa_mask[0]=0x7ffbfeff, sa_flags=0x10000004
SIGUSR1: SIG_DFL, sa_mask[0]=0x00000000, sa_flags=0x00000000
SIGUSR2: [libjvm.so+0x683ae0], sa_mask[0]=0x00000004, sa_flags=0x10000004
SIGHUP: SIG_DFL, sa_mask[0]=0x00000000, sa_flags=0x00000000
SIGINT: SIG_DFL, sa_mask[0]=0x00000000, sa_flags=0x00000000
SIGTERM: SIG_DFL, sa_mask[0]=0x00000000, sa_flags=0x00000000
SIGQUIT: SIG_DFL, sa_mask[0]=0x00000000, sa_flags=0x00000000


---------------  S Y S T E M  ---------------

OS:Ubuntu 11.04 (natty)
uname:Linux 2.6.38-13-generic #56-Ubuntu SMP Tue Feb 14 12:39:59 UTC 2012 x86_64
libc:glibc 2.13 NPTL 2.13 
rlimit: STACK 8192k, CORE 0k, NPROC infinity, NOFILE 4096, AS infinity
load average:0.44 0.33 0.22

/proc/meminfo:
MemTotal:        3984244 kB
MemFree:           58988 kB
Buffers:          249900 kB
Cached:          1297300 kB
SwapCached:            0 kB
Active:          2433948 kB
Inactive:        1186996 kB
Active(anon):    1929856 kB
Inactive(anon):   662480 kB
Active(file):     504092 kB
Inactive(file):   524516 kB
Unevictable:          32 kB
Mlocked:              32 kB
SwapTotal:       4117500 kB
SwapFree:        4116024 kB
Dirty:               144 kB
Writeback:             0 kB
AnonPages:       2073816 kB
Mapped:           155524 kB
Shmem:            518544 kB
Slab:             145784 kB
SReclaimable:     116320 kB
SUnreclaim:        29464 kB
KernelStack:        3312 kB
PageTables:        29644 kB
NFS_Unstable:          0 kB
Bounce:                0 kB
WritebackTmp:          0 kB
CommitLimit:     6109620 kB
Committed_AS:    4355156 kB
VmallocTotal:   34359738367 kB
VmallocUsed:      375116 kB
VmallocChunk:   34359272368 kB
HardwareCorrupted:     0 kB
HugePages_Total:       0
HugePages_Free:        0
HugePages_Rsvd:        0
HugePages_Surp:        0
Hugepagesize:       2048 kB
DirectMap4k:       66240 kB
DirectMap2M:     4052992 kB


CPU:total 2 (2 cores per cpu, 1 threads per core) family 6 model 15 stepping 11, cmov, cx8, fxsr, mmx, sse, sse2, sse3, ssse3

Memory: 4k page, physical 3984244k(58988k free), swap 4117500k(4116024k free)

vm_info: OpenJDK 64-Bit Server VM (20.0-b11) for linux-amd64 JRE (1.6.0_22-b22), built on Feb 21 2012 00:28:06 by "buildd" with gcc 4.5.2

time: Sat May 12 17:29:10 2012
elapsed time: 0 seconds

